<?xml version="1.0" encoding="utf-8"?><testsuites name="pytest tests"><testsuite name="pytest" errors="0" failures="0" skipped="0" tests="11" time="0.577" timestamp="2026-02-07T07:43:55.145899+00:00" hostname="agent-env-9bca94b4-3a0f-4367-b760-ce8a105f331e"><testcase classname="tests.test_swap_and_pools.TestSwapEndpoints" name="test_get_trade_history_empty" time="0.081" /><testcase classname="tests.test_swap_and_pools.TestSwapEndpoints" name="test_get_price_history_no_real_data" time="0.038" /><testcase classname="tests.test_swap_and_pools.TestSwapEndpoints" name="test_get_swap_quote" time="0.035" /><testcase classname="tests.test_swap_and_pools.TestSwapEndpoints" name="test_get_swap_quote_reverse" time="0.040" /><testcase classname="tests.test_swap_and_pools.TestTokenEndpoints" name="test_get_all_tokens" time="0.032" /><testcase classname="tests.test_swap_and_pools.TestTokenEndpoints" name="test_get_token_by_address" time="0.034" /><testcase classname="tests.test_swap_and_pools.TestPoolEndpoints" name="test_get_all_pools" time="0.036" /><testcase classname="tests.test_swap_and_pools.TestPoolEndpoints" name="test_create_pool_check_existing" time="0.070" /><testcase classname="tests.test_swap_and_pools.TestPoolEndpoints" name="test_add_liquidity_creator_only" time="0.037" /><testcase classname="tests.test_swap_and_pools.TestPoolEndpoints" name="test_remove_liquidity_creator_only" time="0.035" /><testcase classname="tests.test_swap_and_pools.TestStatsEndpoint" name="test_get_stats" time="0.035" /></testsuite></testsuites>